

Version:	3.50
CmdLine:	C:\Users\joaom\OneDrive\Documents\GitHub\Automatizador-De-Excel\automatizado\automatizador.exe --l4j-debug
JNI:		No
WOW64:		Yes
Working dir:	C:\Users\joaom\OneDrive\Documents\GitHub\Automatizador-De-Excel\automatizado\.
Requires JDK:	No
Requires 64-Bit: No
Java min ver:	1.008.000
Java max ver:	
Substitute:	JAVA_HOME = C:\Program Files\Java\jdk-22
JRE paths:	C:\Program Files\Java\jdk-22
Check launcher:	C:\Program Files\Java\jdk-22\bin\javaw.exe (OK)
Version string: 1.022.000_001 / 64-Bit (OK)
Launcher:	C:\Program Files\Java\jdk-22\bin\javaw.exe
Launcher args:	-jar "C:\Users\joaom\OneDrive\Documents\GitHub\Automatizador-De-Excel\automatizado\automatizador.exe"
Args length:	101/32768 chars
Exit code:	0


Version:	3.50
CmdLine:	C:\Users\joaom\OneDrive\Documents\GitHub\Automatizador-De-Excel\automatizado\automatizador.exe --l4j-debug
JNI:		No
WOW64:		Yes
Working dir:	C:\Users\joaom\OneDrive\Documents\GitHub\Automatizador-De-Excel\automatizado\.
Requires JDK:	No
Requires 64-Bit: Yes
Java min ver:	1.008.000
Java max ver:	
JRE paths:	JRE
Check launcher:	C:\Users\joaom\OneDrive\Documents\GitHub\Automatizador-De-Excel\automatizado\JRE\bin\javaw.exe (not found)
64-bit search:	SOFTWARE\JavaSoft\Java Runtime Environment...
64-bit search:	SOFTWARE\JavaSoft\Java Development Kit...
64-bit search:	SOFTWARE\JavaSoft\JRE...
64-bit search:	SOFTWARE\JavaSoft\JDK...
Check:		SOFTWARE\JavaSoft\JDK\21.0.3
Version string: 1.021.000_003 / 64-Bit (OK)
Check launcher:	C:\Program Files\Java\jdk-21\bin\javaw.exe (not found)
Ignore:		1.021.000_003
Check:		SOFTWARE\JavaSoft\JDK\22.0.1
Version string: 1.022.000_001 / 64-Bit (OK)
Check launcher:	C:\Program Files\Java\jdk-22\bin\javaw.exe (OK)
Match:		1.022.000_001
Runtime used:	1.022.000_001 (64-bit)
Launcher:	C:\Program Files\Java\jdk-22\bin\javaw.exe
Launcher args:	-jar "C:\Users\joaom\OneDrive\Documents\GitHub\Automatizador-De-Excel\automatizado\automatizador.exe"
Args length:	101/32768 chars
Exit code:	0


Version:	3.50
CmdLine:	C:\Users\joaom\OneDrive\Documents\GitHub\Automatizador-De-Excel\automatizado\automatizador.exe --l4j-debug
JNI:		No
WOW64:		Yes
Working dir:	C:\Users\joaom\OneDrive\Documents\GitHub\Automatizador-De-Excel\automatizado\.
Requires JDK:	No
Requires 64-Bit: Yes
Java min ver:	1.008.000
Java max ver:	
JRE paths:	JRE
Check launcher:	C:\Users\joaom\OneDrive\Documents\GitHub\Automatizador-De-Excel\automatizado\JRE\bin\javaw.exe (not found)
64-bit search:	SOFTWARE\JavaSoft\Java Runtime Environment...
64-bit search:	SOFTWARE\JavaSoft\Java Development Kit...
64-bit search:	SOFTWARE\JavaSoft\JRE...
64-bit search:	SOFTWARE\JavaSoft\JDK...
Check:		SOFTWARE\JavaSoft\JDK\21.0.3
Version string: 1.021.000_003 / 64-Bit (OK)
Check launcher:	C:\Program Files\Java\jdk-21\bin\javaw.exe (not found)
Ignore:		1.021.000_003
Check:		SOFTWARE\JavaSoft\JDK\22.0.1
Version string: 1.022.000_001 / 64-Bit (OK)
Check launcher:	C:\Program Files\Java\jdk-22\bin\javaw.exe (OK)
Match:		1.022.000_001
Runtime used:	1.022.000_001 (64-bit)
Launcher:	C:\Program Files\Java\jdk-22\bin\javaw.exe
Launcher args:	-jar "C:\Users\joaom\OneDrive\Documents\GitHub\Automatizador-De-Excel\automatizado\automatizador.exe"
Args length:	101/32768 chars
Exit code:	0
